<?xml version="1.0" encoding="UTF-8"?>
<!-- Generated by org.testng.reporters.JUnitReportReporter -->
<testsuite hostname="DESKTOP-L9361S2" failures="0" tests="1" name="restAssured.TestDemo" time="5.499" errors="0" timestamp="2025-04-20T22:05:01 IST" skipped="0">
  <testcase classname="restAssured.TestDemo" name="deleterequest" time="5.499"/>
</testsuite> <!-- restAssured.TestDemo -->
